<?xml version="1.0" encoding="UTF-8"?>
<testng-results skipped="0" failed="0" total="1" passed="1">
  <reporter-output>
  </reporter-output>
  <suite name="Default suite" duration-ms="23" started-at="2015-02-23T05:20:39Z" finished-at="2015-02-23T05:20:39Z">
    <groups>
    </groups>
    <test name="Default test" duration-ms="23" started-at="2015-02-23T05:20:39Z" finished-at="2015-02-23T05:20:39Z">
      <class name="Package.AssertValues">
        <test-method status="PASS" signature="assertFalseTest()[pri:0, instance:Package.AssertValues@6a1dbc8b]" name="assertFalseTest" duration-ms="10" started-at="2015-02-23T10:50:39Z" finished-at="2015-02-23T10:50:39Z">
          <reporter-output>
          </reporter-output>
        </test-method> <!-- assertFalseTest -->
      </class> <!-- Package.AssertValues -->
    </test> <!-- Default test -->
  </suite> <!-- Default suite -->
</testng-results>
